nohup: ignoring input
wolfSSL Entering DTLSv1_3_server_method_ex
wolfSSL Entering wolfSSL_CTX_new_ex
wolfSSL Entering wolfSSL_CertManagerNew
heap param is null
DYNAMIC_TYPE_CERT_MANAGER Allocating = 240 bytes
wolfSSL Leaving wolfSSL_CTX_new_ex, return 0
wolfSSL_CTX_load_verify_locations_ex
Processing cert chain buffer...
Processing CA PEM file
wolfSSL Entering ProcessBuffer
wolfSSL Entering PemToDer
Adding a CA
	Parsing new CA
Getting Cert Name
Getting Cert Name
wolfSSL Entering GetAlgoId
wolfSSL Entering DecodeCertExtensions
wolfSSL Entering DecodeSubjKeyId
wolfSSL Entering DecodeAuthKeyId
wolfSSL Entering DecodeBasicCaConstraint
	Parsed new CA
	-  issuer:  '/C=US/ST=State/L=City/O=LiteX-PQC/OU=CA/CN=LiteX Dilithium CA'
	-  subject: '/C=US/ST=State/L=City/O=LiteX-PQC/OU=CA/CN=LiteX Dilithium CA'
	Freeing Parsed CA
	Freeing der CA
		OK Freeing der CA
wolfSSL Leaving AddCA, return 0
wolfSSL Leaving ProcessBuffer, return 1
   Processed a CA
Processed at least one valid CA. Other stuff OK
wolfSSL Entering wolfSSL_CTX_use_certificate_file
wolfSSL Entering ProcessBuffer
wolfSSL Entering PemToDer
Checking cert signature type
Getting Cert Name
Getting Cert Name
wolfSSL Entering GetAlgoId
ECDSA/ED25519/ED448 cert signature
wolfSSL Leaving ProcessBuffer, return 1
wolfSSL Entering wolfSSL_CTX_use_PrivateKey_file
wolfSSL Entering ProcessBuffer
wolfSSL Entering PemToDer
wolfSSL Leaving ProcessBuffer, return 1
wolfSSL Entering wolfSSL_CTX_set_verify
wolfSSL Entering wolfSSL_CTX_set_cipher_list
wolfSSL Entering wolfSSL_new
wolfSSL Entering ReinitSSL
RNG_HEALTH_TEST_CHECK_SIZE = 128
sizeof(seedB_data)         = 128
wolfSSL Entering SetSSL_CTX
wolfSSL Entering wolfSSL_DTLS_SetCookieSecret
wolfSSL Leaving wolfSSL_DTLS_SetCookieSecret, return 0
wolfSSL Entering wolfSSL_NewSession
InitSSL done. return 0 (success)
wolfSSL_new InitSSL success
wolfSSL Leaving wolfSSL_new InitSSL =, return 0
wolfSSL Entering wolfSSL_CTX_set_options
wolfSSL Entering wolfSSL_accept
wolfSSL Entering ReinitSSL
wolfSSL Entering RetrySendAlert
wolfSSL Entering RetrySendAlert
growing input buffer
